Stopwatch with Productivity Timer/task/build/intermediates/manifest_merge_blame_file/release/manifest-merger-blame-release-report.txt
1<?xml version="1.0" encoding="utf-8"?>
2<manifest xmlns:android="http://schemas.android.com/apk/res/android"
3    package="org.hyperskill.stopwatch"
4    android:versionCode="1"
5    android:versionName="1.0" >
6
7    <uses-sdk
8        android:minSdkVersion="20"
8-->src\main\AndroidManifest.xml
9        android:targetSdkVersion="29" />
9-->src\main\AndroidManifest.xml
10
11    <uses-permission android:name="android.permission.POST_NOTIFICATIONS" />
11-->src\main\AndroidManifest.xml:5:3-75
11-->src\main\AndroidManifest.xml:5:20-72
12    <uses-permission android:name="android.permission.ACCESS_NOTIFICATION_POLICY" />
12-->src\main\AndroidManifest.xml:6:3-83
12-->src\main\AndroidManifest.xml:6:20-80
13
14    <application
14-->src\main\AndroidManifest.xml:8:3-22:17
15        android:allowBackup="true"
15-->src\main\AndroidManifest.xml:9:7-33
16        android:appComponentFactory="androidx.core.app.CoreComponentFactory"
16-->[androidx.core:core:1.6.0] AndroidManifest.xml:24:18-86
17        android:icon="@mipmap/ic_launcher"
17-->src\main\AndroidManifest.xml:10:7-41
18        android:label="@string/app_name"
18-->src\main\AndroidManifest.xml:11:7-39
19        android:roundIcon="@mipmap/ic_launcher_round"
19-->src\main\AndroidManifest.xml:12:7-52
20        android:supportsRtl="true"
20-->src\main\AndroidManifest.xml:13:7-33
21        android:theme="@style/AppTheme" >
21-->src\main\AndroidManifest.xml:14:7-38
22        <activity android:name="org.hyperskill.stopwatch.MainActivity" >
22-->src\main\AndroidManifest.xml:15:5-21:16
22-->src\main\AndroidManifest.xml:15:15-67
23            <intent-filter>
23-->src\main\AndroidManifest.xml:16:7-20:23
24                <action android:name="android.intent.action.MAIN" />
24-->src\main\AndroidManifest.xml:17:9-61
24-->src\main\AndroidManifest.xml:17:17-58
25
26                <category android:name="android.intent.category.LAUNCHER" />
26-->src\main\AndroidManifest.xml:19:9-69
26-->src\main\AndroidManifest.xml:19:19-66
27            </intent-filter>
28        </activity>
29    </application>
30
31</manifest>